INFO:root:RUN update_db_tickers.py
DEBUG:matplotlib:$HOME=C:\Users\Robert
DEBUG:matplotlib:matplotlib data path C:\Users\Robert\Anaconda3\lib\site-packages\matplotlib\mpl-data
DEBUG:matplotlib:loaded rc file C:\Users\Robert\Anaconda3\lib\site-packages\matplotlib\mpl-data\matplotlibrc
DEBUG:matplotlib:matplotlib version 2.2.3
DEBUG:matplotlib:interactive is False
DEBUG:matplotlib:platform is win32
DEBUG:matplotlib:loaded modules: ['sys', 'builtins', '_frozen_importlib', '_imp', '_thread', '_warnings', '_weakref', 'zipimport', '_frozen_importlib_external', '_io', 'marshal', 'nt', 'winreg', 'encodings', 'codecs', '_codecs', 'encodings.aliases', 'encodings.utf_8', '_signal', '__main__', 'encodings.latin_1', 'io', 'abc', '_abc', 'site', 'os', 'stat', '_stat', 'ntpath', 'genericpath', 'os.path', '_collections_abc', '_sitebuiltins', '_bootlocale', '_locale', 'encodings.cp1252', 'types', 'importlib', 'importlib._bootstrap', 'importlib._bootstrap_external', 'warnings', 'importlib.util', 'importlib.abc', 'importlib.machinery', 'contextlib', 'collections', 'operator', '_operator', 'keyword', 'heapq', '_heapq', 'itertools', 'reprlib', '_collections', 'functools', '_functools', 'mpl_toolkits', 'google', 'sphinxcontrib', 'zope', 'logging', 'time', 'traceback', 'linecache', 'tokenize', 're', 'enum', 'sre_compile', '_sre', 'sre_parse', 'sre_constants', 'copyreg', 'token', 'weakref', '_weakrefset', 'collections.abc', 'string', '_string', 'threading', 'atexit', 'pandas', 'numpy', '__future__', 'numpy._globals', 'numpy.__config__', 'numpy.version', 'numpy._distributor_init', 'ctypes', '_ctypes', 'struct', '_struct', 'ctypes._endian', 'glob', 'fnmatch', 'posixpath', 'numpy.core', 'numpy.core.info', 'numpy.core.multiarray', 'numpy.core.overrides', 'textwrap', 'datetime', 'math', '_datetime', 'numpy.core._multiarray_umath', 'numpy.compat', 'numpy.compat._inspect', 'numpy.compat.py3k', 'pathlib', 'errno', 'urllib', 'urllib.parse', 'pickle', '_compat_pickle', '_pickle', 'numpy.core.umath', 'numpy.core.numerictypes', 'numbers', 'numpy.core._string_helpers', 'numpy.core._type_aliases', 'numpy.core._dtype', 'numpy.core.numeric', 'numpy.core._exceptions', 'numpy.core._asarray', 'numpy.core._ufunc_config', 'numpy.core.fromnumeric', 'numpy.core._methods', 'numpy.core.arrayprint', 'numpy.core.defchararray', 'numpy.core.records', 'numpy.core.memmap', 'numpy.core.function_base', 'numpy.core.machar', 'numpy.core.getlimits', 'numpy.core.shape_base', 'numpy.core.einsumfunc', 'numpy.core._add_newdocs', 'numpy.core._multiarray_tests', 'numpy.core._dtype_ctypes', 'numpy.core._internal', 'platform', 'subprocess', 'signal', 'msvcrt', '_winapi', 'numpy._pytesttester', 'numpy.lib', 'numpy.lib.info', 'numpy.lib.type_check', 'numpy.lib.ufunclike', 'numpy.lib.index_tricks', 'numpy.matrixlib', 'numpy.matrixlib.defmatrix', 'ast', '_ast', 'numpy.linalg', 'numpy.linalg.info', 'numpy.linalg.linalg', 'numpy.lib.twodim_base', 'numpy.linalg.lapack_lite', 'numpy.linalg._umath_linalg', 'numpy.lib.function_base', 'numpy.lib.histograms', 'numpy.lib.stride_tricks', 'numpy.lib.mixins', 'numpy.lib.nanfunctions', 'numpy.lib.shape_base', 'numpy.lib.scimath', 'numpy.lib.polynomial', 'numpy.lib.utils', 'numpy.lib.arraysetops', 'numpy.lib.npyio', 'numpy.lib.format', 'numpy.lib._datasource', 'shutil', 'zlib', 'bz2', '_compression', '_bz2', 'lzma', '_lzma', 'numpy.lib._iotools', 'numpy.lib.financial', 'decimal', '_decimal', 'numpy.lib.arrayterator', 'numpy.lib.arraypad', 'numpy.lib._version', 'numpy.fft', 'numpy.fft.info', 'numpy.fft.pocketfft', 'numpy.fft.pocketfft_internal', 'numpy.fft.helper', 'numpy.polynomial', 'numpy.polynomial.polynomial', 'numpy.polynomial.polyutils', 'numpy.polynomial._polybase', 'numpy.polynomial.chebyshev', 'numpy.polynomial.legendre', 'numpy.polynomial.hermite', 'numpy.polynomial.hermite_e', 'numpy.polynomial.laguerre', 'numpy.random', 'numpy.random.mtrand', 'cython_runtime', 'numpy.random.common', 'numpy.random.bounded_integers', 'numpy.random.mt19937', 'numpy.random.bit_generator', '_cython_0_29_13', 'secrets', 'base64', 'binascii', 'hmac', '_hashlib', 'hashlib', '_blake2', '_sha3', 'random', 'bisect', '_bisect', '_random', 'numpy.random.entropy', 'numpy.random.generator', 'numpy.random.pcg64', 'numpy.random.philox', 'numpy.random.sfc64', 'numpy.ctypeslib', 'numpy.ma', 'numpy.ma.core', 'numpy.ma.extras', 'numpy.testing', 'unittest', 'unittest.result', 'unittest.util', 'unittest.case', 'difflib', 'pprint', 'unittest.suite', 'unittest.loader', 'unittest.main', 'argparse', 'gettext', 'locale', 'unittest.runner', 'unittest.signals', 'numpy.testing._private', 'numpy.testing._private.utils', 'gc', 'tempfile', 'numpy.testing._private.decorators', 'numpy.testing._private.nosetester', 'pytz', 'pytz.exceptions', 'pytz.lazy', 'pytz.tzinfo', 'pytz.tzfile', 'dateutil', 'dateutil._version', 'pandas.compat', 'pandas.compat.numpy', 'distutils', 'distutils.version', 'pandas._libs', 'pandas._libs.tslibs', 'pandas._libs.tslibs.conversion', 'pandas._libs.tslibs.c_timestamp', 'pandas._libs.tslibs.nattype', '_cython_0_29_12', 'pandas._libs.tslibs.np_datetime', 'pandas._libs.tslibs.timezones', 'dateutil.tz', 'dateutil.tz.tz', 'six', 'six.moves', 'dateutil.tz._common', 'dateutil.tz._factories', 'dateutil.tz.win', 'ctypes.wintypes', 'pandas._libs.tslibs.tzconversion', 'pandas._libs.tslibs.timedeltas', 'pandas._libs.tslibs.offsets', 'pandas._libs.tslibs.ccalendar', 'pandas._config', 'pandas._config.config', 'typing', 'typing.io', 'typing.re', 'pandas._config.dates', 'pandas._config.display', 'pandas._config.localization', 'pandas._libs.tslibs.strptime', 'calendar', 'dateutil.relativedelta', 'dateutil._common', 'pandas._libs.tslibs.fields', 'pandas._libs.tslibs.parsing', 'dateutil.parser', 'dateutil.parser._parser', 'dateutil.parser.isoparser', 'pandas._libs.tslibs.period', 'pandas._libs.tslibs.frequencies', 'pandas._libs.tslibs.timestamps', 'pandas._libs.tslibs.resolution', 'pandas._libs.hashtable', 'pandas._libs.missing', 'pandas._libs.lib', 'fractions', 'pandas._libs.tslib', 'pandas.core', 'pandas.core.config_init', 'pandas.core.api', 'pandas.core.arrays', 'pandas.core.arrays.array_', 'pandas.core.dtypes', 'pandas.core.dtypes.common', 'pandas._libs.algos', 'pandas.core.dtypes.dtypes', 'pandas._libs.interval', 'pandas.core.dtypes.generic', 'pandas.core.dtypes.base', 'pandas.errors', 'pandas.core.dtypes.inference', 'pandas._typing', 'pandas.core.arrays.base', 'pandas.compat.numpy.function', 'pandas.util', 'pandas.util._decorators', 'inspect', 'dis', 'opcode', '_opcode', 'pandas._libs.properties', 'pandas.core.util', 'pandas.core.util.hashing', 'pandas._libs.hashing', 'pandas.core.dtypes.cast', 'pandas.core.dtypes.missing', 'pandas.util._validators', 'pandas.core.ops', 'pandas._libs.ops', 'pandas.core.common', 'pandas.core.ops.missing', 'pandas.core.ops.roperator', 'pandas.core.ops.docstrings', 'pandas.core.sorting', 'pandas.core.algorithms', 'pandas.core.indexers', 'pandas.core.arrays.categorical', 'pandas.core.accessor', 'pandas.core.base', 'pandas.core.nanops', 'pandas.compat._optional', 'bottleneck', 'bottleneck.reduce', 'bottleneck.nonreduce', 'bottleneck.nonreduce_axis', 'bottleneck.move', 'bottleneck.slow', 'bottleneck.slow.reduce', 'bottleneck.slow.nonreduce', 'bottleneck.slow.nonreduce_axis', 'bottleneck.slow.move', 'bottleneck.version', 'bottleneck.benchmark', 'bottleneck.benchmark.bench', 'bottleneck.benchmark.autotimeit', 'timeit', 'bottleneck.benchmark.bench_detailed', 'bottleneck.tests', 'bottleneck.tests.util', 'pandas.core.missing', 'pandas.io', 'pandas.io.formats', 'pandas.io.formats.console', 'pandas.core.arrays.datetimes', 'pandas.core.arrays.datetimelike', 'pandas.tseries', 'pandas.tseries.frequencies', 'pandas.tseries.offsets', 'dateutil.easter', 'pandas.core.tools', 'pandas.core.tools.datetimes', 'pandas.core.arrays._ranges', 'pandas.core.arrays.integer', 'pandas.core.tools.numeric', 'pandas.core.arrays.interval', 'pandas.core.indexes', 'pandas.core.indexes.base', 'pandas._libs.index', 'pandas._libs.join', 'pandas.core.dtypes.concat', 'pandas.core.indexes.frozen', 'pandas.io.formats.printing', 'pandas.core.strings', 'pandas.core.arrays.numpy_', 'pandas.core.arrays.period', 'pandas.core.arrays.sparse', 'pandas._libs.sparse', 'pandas.core.arrays.timedeltas', 'pandas.core.groupby', 'pandas.core.groupby.generic', 'copy', 'pandas.core.frame', 'pandas.core.generic', 'json', 'json.decoder', 'json.scanner', '_json', 'json.encoder', 'pandas.core.index', 'pandas.core.indexes.api', 'pandas.core.indexes.category', 'pandas.core.indexes.datetimes', 'pandas.core.indexes.datetimelike', 'pandas.core.tools.timedeltas', 'pandas.core.indexes.numeric', 'pandas.core.indexes.interval', 'pandas.util._exceptions', 'pandas.core.indexes.multi', 'pandas.core.indexes.timedeltas', 'pandas.core.indexes.period', 'pandas.core.indexes.range', 'pandas.core.indexing', 'pandas._libs.indexing', 'pandas.core.internals', 'pandas.core.internals.blocks', 'pandas._libs.internals', 'pandas.core.internals.arrays', 'pandas.core.internals.managers', 'pandas.core.internals.concat', 'pandas.io.formats.format', 'unicodedata', 'pandas.io.common', 'csv', '_csv', 'gzip', 'http', 'http.client', 'email', 'email.parser', 'email.feedparser', 'email.errors', 'email._policybase', 'email.header', 'email.quoprimime', 'email.base64mime', 'email.charset', 'email.encoders', 'quopri', 'email.utils', 'socket', '_socket', 'selectors', 'select', 'email._parseaddr', 'email.message', 'uu', 'email._encoded_words', 'email.iterators', 'ssl', '_ssl', 'mmap', 'urllib.error', 'urllib.response', 'urllib.request', 'nturl2path', 'zipfile', 'pandas.core.internals.construction', 'pandas.core.series', 'pandas._libs.reshape', 'pandas.core.indexes.accessors', 'pandas.plotting', 'pandas.plotting._core', 'pandas.plotting._matplotlib', 'pandas.plotting._matplotlib.boxplot', 'matplotlib', 'matplotlib.cbook', 'matplotlib.cbook.deprecation', 'matplotlib.cbook._backports', 'matplotlib.compat', 'matplotlib.compat.subprocess', 'matplotlib.rcsetup', 'matplotlib.testing', 'matplotlib.fontconfig_pattern', 'pyparsing', 'matplotlib.colors', 'matplotlib._color_data', 'cycler', 'six.moves.urllib', 'six.moves.urllib.request', 'matplotlib._version']
INFO:root:
SUCCESSFULLY LOADED tick_ftse.csv
INFO:root:EXAMPLE OF data_df -> 
   Unnamed: 0 ticker         company    index
0           0    III         3I GRP.  FTSE100
1           1    ABF        A.B.FOOD  FTSE100
2           2    ADM     ADMIRAL GRP  FTSE100
3           3    AAL  ANGLO AMERICAN  FTSE100
4           4   ANTO     ANTOFAGASTA  FTSE100
INFO:root:
CONNECTING TO DATABASE
INFO:root:
LOOPING TICKERS AND UPDATING DATABASE
INFO:root:UPDATING RECORD FOR III
INFO:root:	RECORD UPDATE SUCCESS -> 
                    		ticker_id:0
                    		ticker:III
                    		last_seen_date:2019-10-05
                    		latest_index:FTSE100
INFO:root:UPDATING RECORD FOR ABF
INFO:root:	RECORD UPDATE SUCCESS -> 
                    		ticker_id:0
                    		ticker:ABF
                    		last_seen_date:2019-10-05
                    		latest_index:FTSE100
INFO:root:UPDATING RECORD FOR ADM
INFO:root:	RECORD UPDATE SUCCESS -> 
                    		ticker_id:0
                    		ticker:ADM
                    		last_seen_date:2019-10-05
                    		latest_index:FTSE100
INFO:root:UPDATING RECORD FOR AAL
INFO:root:	RECORD UPDATE SUCCESS -> 
                    		ticker_id:0
                    		ticker:AAL
                    		last_seen_date:2019-10-05
                    		latest_index:FTSE100
INFO:root:UPDATING RECORD FOR ANTO
INFO:root:	RECORD UPDATE SUCCESS -> 
                    		ticker_id:0
                    		ticker:ANTO
                    		last_seen_date:2019-10-05
                    		latest_index:FTSE100
INFO:root:UPDATING RECORD FOR AHT
INFO:root:	RECORD UPDATE SUCCESS -> 
                    		ticker_id:0
                    		ticker:AHT
                    		last_seen_date:2019-10-05
                    		latest_index:FTSE100
INFO:root:UPDATING RECORD FOR AZN
INFO:root:	RECORD UPDATE SUCCESS -> 
                    		ticker_id:0
                    		ticker:AZN
                    		last_seen_date:2019-10-05
                    		latest_index:FTSE100
INFO:root:UPDATING RECORD FOR AUTO
INFO:root:	RECORD UPDATE SUCCESS -> 
                    		ticker_id:0
                    		ticker:AUTO
                    		last_seen_date:2019-10-05
                    		latest_index:FTSE100
INFO:root:UPDATING RECORD FOR AVV
INFO:root:	RECORD UPDATE SUCCESS -> 
                    		ticker_id:0
                    		ticker:AVV
                    		last_seen_date:2019-10-05
                    		latest_index:FTSE100
INFO:root:AV. NOT FOUND IN RECORDS - CREATING NEW RECORD
INFO:root:	RECORD CREATION SUCCESS -> 
                    		ticker_id:363
                    		ticker:AV.
                    		company_name:AVIVA
                    		first_seen_date:2019-10-05
                    		last_seen_date:2019-10-05
                    		latest_index:FTSE100
INFO:root:BA. NOT FOUND IN RECORDS - CREATING NEW RECORD
INFO:root:	RECORD CREATION SUCCESS -> 
                    		ticker_id:364
                    		ticker:BA.
                    		company_name:BAE SYS.
                    		first_seen_date:2019-10-05
                    		last_seen_date:2019-10-05
                    		latest_index:FTSE100
INFO:root:UPDATING RECORD FOR BARC
INFO:root:	RECORD UPDATE SUCCESS -> 
                    		ticker_id:0
                    		ticker:BARC
                    		last_seen_date:2019-10-05
                    		latest_index:FTSE100
INFO:root:UPDATING RECORD FOR BDEV
INFO:root:	RECORD UPDATE SUCCESS -> 
                    		ticker_id:0
                    		ticker:BDEV
                    		last_seen_date:2019-10-05
                    		latest_index:FTSE100
INFO:root:UPDATING RECORD FOR BKG
INFO:root:	RECORD UPDATE SUCCESS -> 
                    		ticker_id:0
                    		ticker:BKG
                    		last_seen_date:2019-10-05
                    		latest_index:FTSE100
INFO:root:UPDATING RECORD FOR BHP
INFO:root:	RECORD UPDATE SUCCESS -> 
                    		ticker_id:0
                    		ticker:BHP
                    		last_seen_date:2019-10-05
                    		latest_index:FTSE100
INFO:root:BP. NOT FOUND IN RECORDS - CREATING NEW RECORD
INFO:root:	RECORD CREATION SUCCESS -> 
                    		ticker_id:365
                    		ticker:BP.
                    		company_name:BP
                    		first_seen_date:2019-10-05
                    		last_seen_date:2019-10-05
                    		latest_index:FTSE100
INFO:root:UPDATING RECORD FOR BATS
INFO:root:	RECORD UPDATE SUCCESS -> 
                    		ticker_id:0
                    		ticker:BATS
                    		last_seen_date:2019-10-05
                    		latest_index:FTSE100
INFO:root:UPDATING RECORD FOR BLND
INFO:root:	RECORD UPDATE SUCCESS -> 
                    		ticker_id:0
                    		ticker:BLND
                    		last_seen_date:2019-10-05
                    		latest_index:FTSE100
INFO:root:BT.A NOT FOUND IN RECORDS - CREATING NEW RECORD
INFO:root:	RECORD CREATION SUCCESS -> 
                    		ticker_id:366
                    		ticker:BT.A
                    		company_name:BT GROUP
                    		first_seen_date:2019-10-05
                    		last_seen_date:2019-10-05
                    		latest_index:FTSE100
INFO:root:UPDATING RECORD FOR BNZL
INFO:root:	RECORD UPDATE SUCCESS -> 
                    		ticker_id:0
                    		ticker:BNZL
                    		last_seen_date:2019-10-05
                    		latest_index:FTSE100
INFO:root:UPDATING RECORD FOR BRBY
INFO:root:	RECORD UPDATE SUCCESS -> 
                    		ticker_id:0
                    		ticker:BRBY
                    		last_seen_date:2019-10-05
                    		latest_index:FTSE100
INFO:root:UPDATING RECORD FOR CCL
INFO:root:	RECORD UPDATE SUCCESS -> 
                    		ticker_id:0
                    		ticker:CCL
                    		last_seen_date:2019-10-05
                    		latest_index:FTSE100
INFO:root:UPDATING RECORD FOR CNA
INFO:root:	RECORD UPDATE SUCCESS -> 
                    		ticker_id:0
                    		ticker:CNA
                    		last_seen_date:2019-10-05
                    		latest_index:FTSE100
INFO:root:UPDATING RECORD FOR CCH
INFO:root:	RECORD UPDATE SUCCESS -> 
                    		ticker_id:0
                    		ticker:CCH
                    		last_seen_date:2019-10-05
                    		latest_index:FTSE100
INFO:root:UPDATING RECORD FOR CPG
INFO:root:	RECORD UPDATE SUCCESS -> 
                    		ticker_id:0
                    		ticker:CPG
                    		last_seen_date:2019-10-05
                    		latest_index:FTSE100
INFO:root:UPDATING RECORD FOR CRH
INFO:root:	RECORD UPDATE SUCCESS -> 
                    		ticker_id:0
                    		ticker:CRH
                    		last_seen_date:2019-10-05
                    		latest_index:FTSE100
INFO:root:UPDATING RECORD FOR CRDA
INFO:root:	RECORD UPDATE SUCCESS -> 
                    		ticker_id:0
                    		ticker:CRDA
                    		last_seen_date:2019-10-05
                    		latest_index:FTSE100
INFO:root:UPDATING RECORD FOR DCC
INFO:root:	RECORD UPDATE SUCCESS -> 
                    		ticker_id:0
                    		ticker:DCC
                    		last_seen_date:2019-10-05
                    		latest_index:FTSE100
INFO:root:UPDATING RECORD FOR DGE
INFO:root:	RECORD UPDATE SUCCESS -> 
                    		ticker_id:0
                    		ticker:DGE
                    		last_seen_date:2019-10-05
                    		latest_index:FTSE100
INFO:root:UPDATING RECORD FOR EVR
INFO:root:	RECORD UPDATE SUCCESS -> 
                    		ticker_id:0
                    		ticker:EVR
                    		last_seen_date:2019-10-05
                    		latest_index:FTSE100
INFO:root:UPDATING RECORD FOR EXPN
INFO:root:	RECORD UPDATE SUCCESS -> 
                    		ticker_id:0
                    		ticker:EXPN
                    		last_seen_date:2019-10-05
                    		latest_index:FTSE100
INFO:root:UPDATING RECORD FOR FERG
INFO:root:	RECORD UPDATE SUCCESS -> 
                    		ticker_id:0
                    		ticker:FERG
                    		last_seen_date:2019-10-05
                    		latest_index:FTSE100
INFO:root:UPDATING RECORD FOR FLTR
INFO:root:	RECORD UPDATE SUCCESS -> 
                    		ticker_id:0
                    		ticker:FLTR
                    		last_seen_date:2019-10-05
                    		latest_index:FTSE100
INFO:root:UPDATING RECORD FOR FRES
INFO:root:	RECORD UPDATE SUCCESS -> 
                    		ticker_id:0
                    		ticker:FRES
                    		last_seen_date:2019-10-05
                    		latest_index:FTSE100
INFO:root:UPDATING RECORD FOR GSK
INFO:root:	RECORD UPDATE SUCCESS -> 
                    		ticker_id:0
                    		ticker:GSK
                    		last_seen_date:2019-10-05
                    		latest_index:FTSE100
INFO:root:UPDATING RECORD FOR GLEN
INFO:root:	RECORD UPDATE SUCCESS -> 
                    		ticker_id:0
                    		ticker:GLEN
                    		last_seen_date:2019-10-05
                    		latest_index:FTSE100
INFO:root:UPDATING RECORD FOR HLMA
INFO:root:	RECORD UPDATE SUCCESS -> 
                    		ticker_id:0
                    		ticker:HLMA
                    		last_seen_date:2019-10-05
                    		latest_index:FTSE100
INFO:root:HL. NOT FOUND IN RECORDS - CREATING NEW RECORD
INFO:root:	RECORD CREATION SUCCESS -> 
                    		ticker_id:367
                    		ticker:HL.
                    		company_name:HARGREAVES LANS
                    		first_seen_date:2019-10-05
                    		last_seen_date:2019-10-05
                    		latest_index:FTSE100
INFO:root:UPDATING RECORD FOR HIK
INFO:root:	RECORD UPDATE SUCCESS -> 
                    		ticker_id:0
                    		ticker:HIK
                    		last_seen_date:2019-10-05
                    		latest_index:FTSE100
INFO:root:UPDATING RECORD FOR HSX
INFO:root:	RECORD UPDATE SUCCESS -> 
                    		ticker_id:0
                    		ticker:HSX
                    		last_seen_date:2019-10-05
                    		latest_index:FTSE100
INFO:root:UPDATING RECORD FOR HSBA
INFO:root:	RECORD UPDATE SUCCESS -> 
                    		ticker_id:0
                    		ticker:HSBA
                    		last_seen_date:2019-10-05
                    		latest_index:FTSE100
INFO:root:UPDATING RECORD FOR IMB
INFO:root:	RECORD UPDATE SUCCESS -> 
                    		ticker_id:0
                    		ticker:IMB
                    		last_seen_date:2019-10-05
                    		latest_index:FTSE100
INFO:root:UPDATING RECORD FOR INF
INFO:root:	RECORD UPDATE SUCCESS -> 
                    		ticker_id:0
                    		ticker:INF
                    		last_seen_date:2019-10-05
                    		latest_index:FTSE100
INFO:root:UPDATING RECORD FOR IHG
INFO:root:	RECORD UPDATE SUCCESS -> 
                    		ticker_id:0
                    		ticker:IHG
                    		last_seen_date:2019-10-05
                    		latest_index:FTSE100
INFO:root:UPDATING RECORD FOR ITRK
INFO:root:	RECORD UPDATE SUCCESS -> 
                    		ticker_id:0
                    		ticker:ITRK
                    		last_seen_date:2019-10-05
                    		latest_index:FTSE100
INFO:root:UPDATING RECORD FOR IAG
INFO:root:	RECORD UPDATE SUCCESS -> 
                    		ticker_id:0
                    		ticker:IAG
                    		last_seen_date:2019-10-05
                    		latest_index:FTSE100
INFO:root:UPDATING RECORD FOR ITV
INFO:root:	RECORD UPDATE SUCCESS -> 
                    		ticker_id:0
                    		ticker:ITV
                    		last_seen_date:2019-10-05
                    		latest_index:FTSE100
INFO:root:JD. NOT FOUND IN RECORDS - CREATING NEW RECORD
INFO:root:	RECORD CREATION SUCCESS -> 
                    		ticker_id:368
                    		ticker:JD.
                    		company_name:JD SPORTS
                    		first_seen_date:2019-10-05
                    		last_seen_date:2019-10-05
                    		latest_index:FTSE100
INFO:root:UPDATING RECORD FOR JMAT
INFO:root:	RECORD UPDATE SUCCESS -> 
                    		ticker_id:0
                    		ticker:JMAT
                    		last_seen_date:2019-10-05
                    		latest_index:FTSE100
INFO:root:JE. NOT FOUND IN RECORDS - CREATING NEW RECORD
INFO:root:	RECORD CREATION SUCCESS -> 
                    		ticker_id:369
                    		ticker:JE.
                    		company_name:JUST EAT
                    		first_seen_date:2019-10-05
                    		last_seen_date:2019-10-05
                    		latest_index:FTSE100
INFO:root:UPDATING RECORD FOR KGF
INFO:root:	RECORD UPDATE SUCCESS -> 
                    		ticker_id:0
                    		ticker:KGF
                    		last_seen_date:2019-10-05
                    		latest_index:FTSE100
INFO:root:UPDATING RECORD FOR LAND
INFO:root:	RECORD UPDATE SUCCESS -> 
                    		ticker_id:0
                    		ticker:LAND
                    		last_seen_date:2019-10-05
                    		latest_index:FTSE100
INFO:root:UPDATING RECORD FOR LGEN
INFO:root:	RECORD UPDATE SUCCESS -> 
                    		ticker_id:0
                    		ticker:LGEN
                    		last_seen_date:2019-10-05
                    		latest_index:FTSE100
INFO:root:UPDATING RECORD FOR LLOY
INFO:root:	RECORD UPDATE SUCCESS -> 
                    		ticker_id:0
                    		ticker:LLOY
                    		last_seen_date:2019-10-05
                    		latest_index:FTSE100
INFO:root:UPDATING RECORD FOR LSE
INFO:root:	RECORD UPDATE SUCCESS -> 
                    		ticker_id:0
                    		ticker:LSE
                    		last_seen_date:2019-10-05
                    		latest_index:FTSE100
INFO:root:UPDATING RECORD FOR MGGT
INFO:root:	RECORD UPDATE SUCCESS -> 
                    		ticker_id:0
                    		ticker:MGGT
                    		last_seen_date:2019-10-05
                    		latest_index:FTSE100
INFO:root:UPDATING RECORD FOR MRO
INFO:root:	RECORD UPDATE SUCCESS -> 
                    		ticker_id:0
                    		ticker:MRO
                    		last_seen_date:2019-10-05
                    		latest_index:FTSE100
INFO:root:UPDATING RECORD FOR MNDI
INFO:root:	RECORD UPDATE SUCCESS -> 
                    		ticker_id:0
                    		ticker:MNDI
                    		last_seen_date:2019-10-05
                    		latest_index:FTSE100
INFO:root:UPDATING RECORD FOR MRW
INFO:root:	RECORD UPDATE SUCCESS -> 
                    		ticker_id:0
                    		ticker:MRW
                    		last_seen_date:2019-10-05
                    		latest_index:FTSE100
INFO:root:NG. NOT FOUND IN RECORDS - CREATING NEW RECORD
INFO:root:	RECORD CREATION SUCCESS -> 
                    		ticker_id:370
                    		ticker:NG.
                    		company_name:NATIONAL GRID
                    		first_seen_date:2019-10-05
                    		last_seen_date:2019-10-05
                    		latest_index:FTSE100
INFO:root:UPDATING RECORD FOR NXT
INFO:root:	RECORD UPDATE SUCCESS -> 
                    		ticker_id:0
                    		ticker:NXT
                    		last_seen_date:2019-10-05
                    		latest_index:FTSE100
INFO:root:UPDATING RECORD FOR NMC
INFO:root:	RECORD UPDATE SUCCESS -> 
                    		ticker_id:0
                    		ticker:NMC
                    		last_seen_date:2019-10-05
                    		latest_index:FTSE100
INFO:root:UPDATING RECORD FOR OCDO
INFO:root:	RECORD UPDATE SUCCESS -> 
                    		ticker_id:0
                    		ticker:OCDO
                    		last_seen_date:2019-10-05
                    		latest_index:FTSE100
INFO:root:UPDATING RECORD FOR PSON
INFO:root:	RECORD UPDATE SUCCESS -> 
                    		ticker_id:0
                    		ticker:PSON
                    		last_seen_date:2019-10-05
                    		latest_index:FTSE100
INFO:root:UPDATING RECORD FOR PSN
INFO:root:	RECORD UPDATE SUCCESS -> 
                    		ticker_id:0
                    		ticker:PSN
                    		last_seen_date:2019-10-05
                    		latest_index:FTSE100
INFO:root:UPDATING RECORD FOR PHNX
INFO:root:	RECORD UPDATE SUCCESS -> 
                    		ticker_id:0
                    		ticker:PHNX
                    		last_seen_date:2019-10-05
                    		latest_index:FTSE100
INFO:root:UPDATING RECORD FOR POLY
INFO:root:	RECORD UPDATE SUCCESS -> 
                    		ticker_id:0
                    		ticker:POLY
                    		last_seen_date:2019-10-05
                    		latest_index:FTSE100
INFO:root:UPDATING RECORD FOR PRU
INFO:root:	RECORD UPDATE SUCCESS -> 
                    		ticker_id:0
                    		ticker:PRU
                    		last_seen_date:2019-10-05
                    		latest_index:FTSE100
INFO:root:UPDATING RECORD FOR RDSA
INFO:root:	RECORD UPDATE SUCCESS -> 
                    		ticker_id:0
                    		ticker:RDSA
                    		last_seen_date:2019-10-05
                    		latest_index:FTSE100
INFO:root:RDSB NOT FOUND IN RECORDS - CREATING NEW RECORD
INFO:root:	RECORD CREATION SUCCESS -> 
                    		ticker_id:371
                    		ticker:RDSB
                    		company_name:RDS \'B\'
                    		first_seen_date:2019-10-05
                    		last_seen_date:2019-10-05
                    		latest_index:FTSE100
INFO:root:RB. NOT FOUND IN RECORDS - CREATING NEW RECORD
INFO:root:	RECORD CREATION SUCCESS -> 
                    		ticker_id:372
                    		ticker:RB.
                    		company_name:RECKITT BEN. GP
                    		first_seen_date:2019-10-05
                    		last_seen_date:2019-10-05
                    		latest_index:FTSE100
INFO:root:UPDATING RECORD FOR REL
INFO:root:	RECORD UPDATE SUCCESS -> 
                    		ticker_id:0
                    		ticker:REL
                    		last_seen_date:2019-10-05
                    		latest_index:FTSE100
INFO:root:UPDATING RECORD FOR RTO
INFO:root:	RECORD UPDATE SUCCESS -> 
                    		ticker_id:0
                    		ticker:RTO
                    		last_seen_date:2019-10-05
                    		latest_index:FTSE100
INFO:root:UPDATING RECORD FOR RMV
INFO:root:	RECORD UPDATE SUCCESS -> 
                    		ticker_id:0
                    		ticker:RMV
                    		last_seen_date:2019-10-05
                    		latest_index:FTSE100
INFO:root:UPDATING RECORD FOR RIO
INFO:root:	RECORD UPDATE SUCCESS -> 
                    		ticker_id:0
                    		ticker:RIO
                    		last_seen_date:2019-10-05
                    		latest_index:FTSE100
INFO:root:RR. NOT FOUND IN RECORDS - CREATING NEW RECORD
INFO:root:	RECORD CREATION SUCCESS -> 
                    		ticker_id:373
                    		ticker:RR.
                    		company_name:ROLLS-ROYCE HLG
                    		first_seen_date:2019-10-05
                    		last_seen_date:2019-10-05
                    		latest_index:FTSE100
INFO:root:UPDATING RECORD FOR RBS
INFO:root:	RECORD UPDATE SUCCESS -> 
                    		ticker_id:0
                    		ticker:RBS
                    		last_seen_date:2019-10-05
                    		latest_index:FTSE100
INFO:root:UPDATING RECORD FOR RSA
INFO:root:	RECORD UPDATE SUCCESS -> 
                    		ticker_id:0
                    		ticker:RSA
                    		last_seen_date:2019-10-05
                    		latest_index:FTSE100
INFO:root:UPDATING RECORD FOR SGE
INFO:root:	RECORD UPDATE SUCCESS -> 
                    		ticker_id:0
                    		ticker:SGE
                    		last_seen_date:2019-10-05
                    		latest_index:FTSE100
INFO:root:UPDATING RECORD FOR SBRY
INFO:root:	RECORD UPDATE SUCCESS -> 
                    		ticker_id:0
                    		ticker:SBRY
                    		last_seen_date:2019-10-05
                    		latest_index:FTSE100
INFO:root:UPDATING RECORD FOR SDR
INFO:root:	RECORD UPDATE SUCCESS -> 
                    		ticker_id:0
                    		ticker:SDR
                    		last_seen_date:2019-10-05
                    		latest_index:FTSE100
INFO:root:UPDATING RECORD FOR SMT
INFO:root:	RECORD UPDATE SUCCESS -> 
                    		ticker_id:0
                    		ticker:SMT
                    		last_seen_date:2019-10-05
                    		latest_index:FTSE100
INFO:root:UPDATING RECORD FOR SGRO
INFO:root:	RECORD UPDATE SUCCESS -> 
                    		ticker_id:0
                    		ticker:SGRO
                    		last_seen_date:2019-10-05
                    		latest_index:FTSE100
INFO:root:UPDATING RECORD FOR SVT
INFO:root:	RECORD UPDATE SUCCESS -> 
                    		ticker_id:0
                    		ticker:SVT
                    		last_seen_date:2019-10-05
                    		latest_index:FTSE100
INFO:root:SN. NOT FOUND IN RECORDS - CREATING NEW RECORD
INFO:root:	RECORD CREATION SUCCESS -> 
                    		ticker_id:374
                    		ticker:SN.
                    		company_name:SMITH&NEPHEW
                    		first_seen_date:2019-10-05
                    		last_seen_date:2019-10-05
                    		latest_index:FTSE100
INFO:root:UPDATING RECORD FOR SMDS
INFO:root:	RECORD UPDATE SUCCESS -> 
                    		ticker_id:0
                    		ticker:SMDS
                    		last_seen_date:2019-10-05
                    		latest_index:FTSE100
INFO:root:UPDATING RECORD FOR SMIN
INFO:root:	RECORD UPDATE SUCCESS -> 
                    		ticker_id:0
                    		ticker:SMIN
                    		last_seen_date:2019-10-05
                    		latest_index:FTSE100
INFO:root:UPDATING RECORD FOR SKG
INFO:root:	RECORD UPDATE SUCCESS -> 
                    		ticker_id:0
                    		ticker:SKG
                    		last_seen_date:2019-10-05
                    		latest_index:FTSE100
INFO:root:UPDATING RECORD FOR SPX
INFO:root:	RECORD UPDATE SUCCESS -> 
                    		ticker_id:0
                    		ticker:SPX
                    		last_seen_date:2019-10-05
                    		latest_index:FTSE100
INFO:root:UPDATING RECORD FOR SSE
INFO:root:	RECORD UPDATE SUCCESS -> 
                    		ticker_id:0
                    		ticker:SSE
                    		last_seen_date:2019-10-05
                    		latest_index:FTSE100
INFO:root:UPDATING RECORD FOR STJ
INFO:root:	RECORD UPDATE SUCCESS -> 
                    		ticker_id:0
                    		ticker:STJ
                    		last_seen_date:2019-10-05
                    		latest_index:FTSE100
INFO:root:UPDATING RECORD FOR STAN
INFO:root:	RECORD UPDATE SUCCESS -> 
                    		ticker_id:0
                    		ticker:STAN
                    		last_seen_date:2019-10-05
                    		latest_index:FTSE100
INFO:root:UPDATING RECORD FOR SLA
INFO:root:	RECORD UPDATE SUCCESS -> 
                    		ticker_id:0
                    		ticker:SLA
                    		last_seen_date:2019-10-05
                    		latest_index:FTSE100
INFO:root:TW. NOT FOUND IN RECORDS - CREATING NEW RECORD
INFO:root:	RECORD CREATION SUCCESS -> 
                    		ticker_id:375
                    		ticker:TW.
                    		company_name:TAYLOR WIMPEY
                    		first_seen_date:2019-10-05
                    		last_seen_date:2019-10-05
                    		latest_index:FTSE100
INFO:root:UPDATING RECORD FOR TSCO
INFO:root:	RECORD UPDATE SUCCESS -> 
                    		ticker_id:0
                    		ticker:TSCO
                    		last_seen_date:2019-10-05
                    		latest_index:FTSE100
INFO:root:UPDATING RECORD FOR TUI
INFO:root:	RECORD UPDATE SUCCESS -> 
                    		ticker_id:0
                    		ticker:TUI
                    		last_seen_date:2019-10-05
                    		latest_index:FTSE100
INFO:root:UPDATING RECORD FOR ULVR
INFO:root:	RECORD UPDATE SUCCESS -> 
                    		ticker_id:0
                    		ticker:ULVR
                    		last_seen_date:2019-10-05
                    		latest_index:FTSE100
INFO:root:UU. NOT FOUND IN RECORDS - CREATING NEW RECORD
INFO:root:	RECORD CREATION SUCCESS -> 
                    		ticker_id:376
                    		ticker:UU.
                    		company_name:UTD. UTILITIES
                    		first_seen_date:2019-10-05
                    		last_seen_date:2019-10-05
                    		latest_index:FTSE100
INFO:root:UPDATING RECORD FOR VOD
INFO:root:	RECORD UPDATE SUCCESS -> 
                    		ticker_id:0
                    		ticker:VOD
                    		last_seen_date:2019-10-05
                    		latest_index:FTSE100
INFO:root:UPDATING RECORD FOR WTB
INFO:root:	RECORD UPDATE SUCCESS -> 
                    		ticker_id:0
                    		ticker:WTB
                    		last_seen_date:2019-10-05
                    		latest_index:FTSE100
INFO:root:UPDATING RECORD FOR WPP
INFO:root:	RECORD UPDATE SUCCESS -> 
                    		ticker_id:0
                    		ticker:WPP
                    		last_seen_date:2019-10-05
                    		latest_index:FTSE100
INFO:root:UPDATING RECORD FOR 3IN
INFO:root:	RECORD UPDATE SUCCESS -> 
                    		ticker_id:0
                    		ticker:3IN
                    		last_seen_date:2019-10-05
                    		latest_index:FTSE250
INFO:root:UPDATING RECORD FOR FOUR
INFO:root:	RECORD UPDATE SUCCESS -> 
                    		ticker_id:0
                    		ticker:FOUR
                    		last_seen_date:2019-10-05
                    		latest_index:FTSE250
INFO:root:UPDATING RECORD FOR ASL
INFO:root:	RECORD UPDATE SUCCESS -> 
                    		ticker_id:0
                    		ticker:ASL
                    		last_seen_date:2019-10-05
                    		latest_index:FTSE250
INFO:root:UPDATING RECORD FOR AGK
INFO:root:	RECORD UPDATE SUCCESS -> 
                    		ticker_id:0
                    		ticker:AGK
                    		last_seen_date:2019-10-05
                    		latest_index:FTSE250
INFO:root:UPDATING RECORD FOR AAF
INFO:root:	RECORD UPDATE SUCCESS -> 
                    		ticker_id:0
                    		ticker:AAF
                    		last_seen_date:2019-10-05
                    		latest_index:FTSE250
INFO:root:UPDATING RECORD FOR AJB
INFO:root:	RECORD UPDATE SUCCESS -> 
                    		ticker_id:0
                    		ticker:AJB
                    		last_seen_date:2019-10-05
                    		latest_index:FTSE250
INFO:root:UPDATING RECORD FOR ATST
INFO:root:	RECORD UPDATE SUCCESS -> 
                    		ticker_id:0
                    		ticker:ATST
                    		last_seen_date:2019-10-05
                    		latest_index:FTSE250
INFO:root:UPDATING RECORD FOR APAX
INFO:root:	RECORD UPDATE SUCCESS -> 
                    		ticker_id:0
                    		ticker:APAX
                    		last_seen_date:2019-10-05
                    		latest_index:FTSE250
INFO:root:UPDATING RECORD FOR ASCL
INFO:root:	RECORD UPDATE SUCCESS -> 
                    		ticker_id:0
                    		ticker:ASCL
                    		last_seen_date:2019-10-05
                    		latest_index:FTSE250
INFO:root:UPDATING RECORD FOR ASHM
INFO:root:	RECORD UPDATE SUCCESS -> 
                    		ticker_id:0
                    		ticker:ASHM
                    		last_seen_date:2019-10-05
                    		latest_index:FTSE250
INFO:root:UPDATING RECORD FOR AGR
INFO:root:	RECORD UPDATE SUCCESS -> 
                    		ticker_id:0
                    		ticker:AGR
                    		last_seen_date:2019-10-05
                    		latest_index:FTSE250
INFO:root:UPDATING RECORD FOR AML
INFO:root:	RECORD UPDATE SUCCESS -> 
                    		ticker_id:0
                    		ticker:AML
                    		last_seen_date:2019-10-05
                    		latest_index:FTSE250
INFO:root:UPDATING RECORD FOR AVST
INFO:root:	RECORD UPDATE SUCCESS -> 
                    		ticker_id:0
                    		ticker:AVST
                    		last_seen_date:2019-10-05
                    		latest_index:FTSE250
INFO:root:UPDATING RECORD FOR AGT
INFO:root:	RECORD UPDATE SUCCESS -> 
                    		ticker_id:0
                    		ticker:AGT
                    		last_seen_date:2019-10-05
                    		latest_index:FTSE250
INFO:root:UPDATING RECORD FOR BME
INFO:root:	RECORD UPDATE SUCCESS -> 
                    		ticker_id:0
                    		ticker:BME
                    		last_seen_date:2019-10-05
                    		latest_index:FTSE250
INFO:root:UPDATING RECORD FOR BAB
INFO:root:	RECORD UPDATE SUCCESS -> 
                    		ticker_id:0
                    		ticker:BAB
                    		last_seen_date:2019-10-05
                    		latest_index:FTSE250
INFO:root:UPDATING RECORD FOR BGFD
INFO:root:	RECORD UPDATE SUCCESS -> 
                    		ticker_id:0
                    		ticker:BGFD
                    		last_seen_date:2019-10-05
                    		latest_index:FTSE250
INFO:root:UPDATING RECORD FOR BAKK
INFO:root:	RECORD UPDATE SUCCESS -> 
                    		ticker_id:0
                    		ticker:BAKK
                    		last_seen_date:2019-10-05
                    		latest_index:FTSE250
INFO:root:UPDATING RECORD FOR BBY
INFO:root:	RECORD UPDATE SUCCESS -> 
                    		ticker_id:0
                    		ticker:BBY
                    		last_seen_date:2019-10-05
                    		latest_index:FTSE250
INFO:root:UPDATING RECORD FOR BGEO
INFO:root:	RECORD UPDATE SUCCESS -> 
                    		ticker_id:0
                    		ticker:BGEO
                    		last_seen_date:2019-10-05
                    		latest_index:FTSE250
INFO:root:UPDATING RECORD FOR BNKR
INFO:root:	RECORD UPDATE SUCCESS -> 
                    		ticker_id:0
                    		ticker:BNKR
                    		last_seen_date:2019-10-05
                    		latest_index:FTSE250
INFO:root:UPDATING RECORD FOR BAG
INFO:root:	RECORD UPDATE SUCCESS -> 
                    		ticker_id:0
                    		ticker:BAG
                    		last_seen_date:2019-10-05
                    		latest_index:FTSE250
INFO:root:UPDATING RECORD FOR BBA
INFO:root:	RECORD UPDATE SUCCESS -> 
                    		ticker_id:0
                    		ticker:BBA
                    		last_seen_date:2019-10-05
                    		latest_index:FTSE250
INFO:root:UPDATING RECORD FOR BBGI
INFO:root:	RECORD UPDATE SUCCESS -> 
                    		ticker_id:0
                    		ticker:BBGI
                    		last_seen_date:2019-10-05
                    		latest_index:FTSE250
INFO:root:UPDATING RECORD FOR BCA
INFO:root:	RECORD UPDATE SUCCESS -> 
                    		ticker_id:0
                    		ticker:BCA
                    		last_seen_date:2019-10-05
                    		latest_index:FTSE250
INFO:root:UPDATING RECORD FOR BEZ
INFO:root:	RECORD UPDATE SUCCESS -> 
                    		ticker_id:0
                    		ticker:BEZ
                    		last_seen_date:2019-10-05
                    		latest_index:FTSE250
INFO:root:UPDATING RECORD FOR BWY
INFO:root:	RECORD UPDATE SUCCESS -> 
                    		ticker_id:0
                    		ticker:BWY
                    		last_seen_date:2019-10-05
                    		latest_index:FTSE250
INFO:root:UPDATING RECORD FOR BYG
INFO:root:	RECORD UPDATE SUCCESS -> 
                    		ticker_id:0
                    		ticker:BYG
                    		last_seen_date:2019-10-05
                    		latest_index:FTSE250
INFO:root:UPDATING RECORD FOR BRSC
INFO:root:	RECORD UPDATE SUCCESS -> 
                    		ticker_id:0
                    		ticker:BRSC
                    		last_seen_date:2019-10-05
                    		latest_index:FTSE250
INFO:root:BCPT NOT FOUND IN RECORDS - CREATING NEW RECORD
INFO:root:	RECORD CREATION SUCCESS -> 
                    		ticker_id:377
                    		ticker:BCPT
                    		company_name:BMO COMM PROP.
                    		first_seen_date:2019-10-05
                    		last_seen_date:2019-10-05
                    		latest_index:FTSE250
INFO:root:UPDATING RECORD FOR BGSC
INFO:root:	RECORD UPDATE SUCCESS -> 
                    		ticker_id:0
                    		ticker:BGSC
                    		last_seen_date:2019-10-05
                    		latest_index:FTSE250
INFO:root:UPDATING RECORD FOR BOY
INFO:root:	RECORD UPDATE SUCCESS -> 
                    		ticker_id:0
                    		ticker:BOY
                    		last_seen_date:2019-10-05
                    		latest_index:FTSE250
INFO:root:UPDATING RECORD FOR BVS
INFO:root:	RECORD UPDATE SUCCESS -> 
                    		ticker_id:0
                    		ticker:BVS
                    		last_seen_date:2019-10-05
                    		latest_index:FTSE250
INFO:root:BRW NOT FOUND IN RECORDS - CREATING NEW RECORD
INFO:root:	RECORD CREATION SUCCESS -> 
                    		ticker_id:378
                    		ticker:BRW
                    		company_name:BREWIN DOLPHIN
                    		first_seen_date:2019-10-05
                    		last_seen_date:2019-10-05
                    		latest_index:FTSE250
INFO:root:UPDATING RECORD FOR BVIC
INFO:root:	RECORD UPDATE SUCCESS -> 
                    		ticker_id:0
                    		ticker:BVIC
                    		last_seen_date:2019-10-05
                    		latest_index:FTSE250
INFO:root:UPDATING RECORD FOR CNE
INFO:root:	RECORD UPDATE SUCCESS -> 
                    		ticker_id:0
                    		ticker:CNE
                    		last_seen_date:2019-10-05
                    		latest_index:FTSE250
INFO:root:UPDATING RECORD FOR CLDN
INFO:root:	RECORD UPDATE SUCCESS -> 
                    		ticker_id:0
                    		ticker:CLDN
                    		last_seen_date:2019-10-05
                    		latest_index:FTSE250
INFO:root:UPDATING RECORD FOR CAPC
INFO:root:	RECORD UPDATE SUCCESS -> 
                    		ticker_id:0
                    		ticker:CAPC
                    		last_seen_date:2019-10-05
                    		latest_index:FTSE250
INFO:root:UPDATING RECORD FOR CPI
INFO:root:	RECORD UPDATE SUCCESS -> 
                    		ticker_id:0
                    		ticker:CPI
                    		last_seen_date:2019-10-05
                    		latest_index:FTSE250
INFO:root:UPDATING RECORD FOR CARD
INFO:root:	RECORD UPDATE SUCCESS -> 
                    		ticker_id:0
                    		ticker:CARD
                    		last_seen_date:2019-10-05
                    		latest_index:FTSE250
INFO:root:UPDATING RECORD FOR CEY
INFO:root:	RECORD UPDATE SUCCESS -> 
                    		ticker_id:0
                    		ticker:CEY
                    		last_seen_date:2019-10-05
                    		latest_index:FTSE250
INFO:root:UPDATING RECORD FOR CCFS
INFO:root:	RECORD UPDATE SUCCESS -> 
                    		ticker_id:0
                    		ticker:CCFS
                    		last_seen_date:2019-10-05
                    		latest_index:FTSE250
INFO:root:UPDATING RECORD FOR CINE
INFO:root:	RECORD UPDATE SUCCESS -> 
                    		ticker_id:0
                    		ticker:CINE
                    		last_seen_date:2019-10-05
                    		latest_index:FTSE250
INFO:root:UPDATING RECORD FOR CTY
INFO:root:	RECORD UPDATE SUCCESS -> 
                    		ticker_id:0
                    		ticker:CTY
                    		last_seen_date:2019-10-05
                    		latest_index:FTSE250
INFO:root:UPDATING RECORD FOR CKN
INFO:root:	RECORD UPDATE SUCCESS -> 
                    		ticker_id:0
                    		ticker:CKN
                    		last_seen_date:2019-10-05
                    		latest_index:FTSE250
INFO:root:UPDATING RECORD FOR CBG
INFO:root:	RECORD UPDATE SUCCESS -> 
                    		ticker_id:0
                    		ticker:CBG
                    		last_seen_date:2019-10-05
                    		latest_index:FTSE250
INFO:root:UPDATING RECORD FOR CLI
INFO:root:	RECORD UPDATE SUCCESS -> 
                    		ticker_id:0
                    		ticker:CLI
                    		last_seen_date:2019-10-05
                    		latest_index:FTSE250
INFO:root:UPDATING RECORD FOR COA
INFO:root:	RECORD UPDATE SUCCESS -> 
                    		ticker_id:0
                    		ticker:COA
                    		last_seen_date:2019-10-05
                    		latest_index:FTSE250
INFO:root:UPDATING RECORD FOR COB
INFO:root:	RECORD UPDATE SUCCESS -> 
                    		ticker_id:0
                    		ticker:COB
                    		last_seen_date:2019-10-05
                    		latest_index:FTSE250
INFO:root:UPDATING RECORD FOR CCC
INFO:root:	RECORD UPDATE SUCCESS -> 
                    		ticker_id:0
                    		ticker:CCC
                    		last_seen_date:2019-10-05
                    		latest_index:FTSE250
INFO:root:UPDATING RECORD FOR GLO
INFO:root:	RECORD UPDATE SUCCESS -> 
                    		ticker_id:0
                    		ticker:GLO
                    		last_seen_date:2019-10-05
                    		latest_index:FTSE250
INFO:root:UPDATING RECORD FOR CTEC
INFO:root:	RECORD UPDATE SUCCESS -> 
                    		ticker_id:0
                    		ticker:CTEC
                    		last_seen_date:2019-10-05
                    		latest_index:FTSE250
INFO:root:UPDATING RECORD FOR CSP
INFO:root:	RECORD UPDATE SUCCESS -> 
                    		ticker_id:0
                    		ticker:CSP
                    		last_seen_date:2019-10-05
                    		latest_index:FTSE250
INFO:root:UPDATING RECORD FOR CWK
INFO:root:	RECORD UPDATE SUCCESS -> 
                    		ticker_id:0
                    		ticker:CWK
                    		last_seen_date:2019-10-05
                    		latest_index:FTSE250
INFO:root:UPDATING RECORD FOR CRST
INFO:root:	RECORD UPDATE SUCCESS -> 
                    		ticker_id:0
                    		ticker:CRST
                    		last_seen_date:2019-10-05
                    		latest_index:FTSE250
INFO:root:UPDATING RECORD FOR CYBG
INFO:root:	RECORD UPDATE SUCCESS -> 
                    		ticker_id:0
                    		ticker:CYBG
                    		last_seen_date:2019-10-05
                    		latest_index:FTSE250
INFO:root:UPDATING RECORD FOR DJAN
INFO:root:	RECORD UPDATE SUCCESS -> 
                    		ticker_id:0
                    		ticker:DJAN
                    		last_seen_date:2019-10-05
                    		latest_index:FTSE250
INFO:root:UPDATING RECORD FOR DPH
INFO:root:	RECORD UPDATE SUCCESS -> 
                    		ticker_id:0
                    		ticker:DPH
                    		last_seen_date:2019-10-05
                    		latest_index:FTSE250
INFO:root:UPDATING RECORD FOR DLN
INFO:root:	RECORD UPDATE SUCCESS -> 
                    		ticker_id:0
                    		ticker:DLN
                    		last_seen_date:2019-10-05
                    		latest_index:FTSE250
INFO:root:UPDATING RECORD FOR DPLM
INFO:root:	RECORD UPDATE SUCCESS -> 
                    		ticker_id:0
                    		ticker:DPLM
                    		last_seen_date:2019-10-05
                    		latest_index:FTSE250
INFO:root:UPDATING RECORD FOR DLG
INFO:root:	RECORD UPDATE SUCCESS -> 
                    		ticker_id:0
                    		ticker:DLG
                    		last_seen_date:2019-10-05
                    		latest_index:FTSE250
INFO:root:DC. NOT FOUND IN RECORDS - CREATING NEW RECORD
INFO:root:	RECORD CREATION SUCCESS -> 
                    		ticker_id:379
                    		ticker:DC.
                    		company_name:DIXONS CARPHO
                    		first_seen_date:2019-10-05
                    		last_seen_date:2019-10-05
                    		latest_index:FTSE250
INFO:root:UPDATING RECORD FOR DOM
INFO:root:	RECORD UPDATE SUCCESS -> 
                    		ticker_id:0
                    		ticker:DOM
                    		last_seen_date:2019-10-05
                    		latest_index:FTSE250
INFO:root:UPDATING RECORD FOR DRX
INFO:root:	RECORD UPDATE SUCCESS -> 
                    		ticker_id:0
                    		ticker:DRX
                    		last_seen_date:2019-10-05
                    		latest_index:FTSE250
INFO:root:UPDATING RECORD FOR DNLM
INFO:root:	RECORD UPDATE SUCCESS -> 
                    		ticker_id:0
                    		ticker:DNLM
                    		last_seen_date:2019-10-05
                    		latest_index:FTSE250
INFO:root:UPDATING RECORD FOR EZJ
INFO:root:	RECORD UPDATE SUCCESS -> 
                    		ticker_id:0
                    		ticker:EZJ
                    		last_seen_date:2019-10-05
                    		latest_index:FTSE250
INFO:root:UPDATING RECORD FOR EDIN
INFO:root:	RECORD UPDATE SUCCESS -> 
                    		ticker_id:0
                    		ticker:EDIN
                    		last_seen_date:2019-10-05
                    		latest_index:FTSE250
INFO:root:UPDATING RECORD FOR EIG
INFO:root:	RECORD UPDATE SUCCESS -> 
                    		ticker_id:0
                    		ticker:EIG
                    		last_seen_date:2019-10-05
                    		latest_index:FTSE250
INFO:root:UPDATING RECORD FOR ECM
INFO:root:	RECORD UPDATE SUCCESS -> 
                    		ticker_id:0
                    		ticker:ECM
                    		last_seen_date:2019-10-05
                    		latest_index:FTSE250
INFO:root:UPDATING RECORD FOR ELM
INFO:root:	RECORD UPDATE SUCCESS -> 
                    		ticker_id:0
                    		ticker:ELM
                    		last_seen_date:2019-10-05
                    		latest_index:FTSE250
INFO:root:UPDATING RECORD FOR ENOG
INFO:root:	RECORD UPDATE SUCCESS -> 
                    		ticker_id:0
                    		ticker:ENOG
                    		last_seen_date:2019-10-05
                    		latest_index:FTSE250
INFO:root:UPDATING RECORD FOR ETO
INFO:root:	RECORD UPDATE SUCCESS -> 
                    		ticker_id:0
                    		ticker:ETO
                    		last_seen_date:2019-10-05
                    		latest_index:FTSE250
INFO:root:UPDATING RECORD FOR EQN
INFO:root:	RECORD UPDATE SUCCESS -> 
                    		ticker_id:0
                    		ticker:EQN
                    		last_seen_date:2019-10-05
                    		latest_index:FTSE250
INFO:root:UPDATING RECORD FOR ESNT
INFO:root:	RECORD UPDATE SUCCESS -> 
                    		ticker_id:0
                    		ticker:ESNT
                    		last_seen_date:2019-10-05
                    		latest_index:FTSE250
INFO:root:UPDATING RECORD FOR ERM
INFO:root:	RECORD UPDATE SUCCESS -> 
                    		ticker_id:0
                    		ticker:ERM
                    		last_seen_date:2019-10-05
                    		latest_index:FTSE250
INFO:root:FCIT NOT FOUND IN RECORDS - CREATING NEW RECORD
INFO:root:	RECORD CREATION SUCCESS -> 
                    		ticker_id:380
                    		ticker:FCIT
                    		company_name:F &C IV.TST
                    		first_seen_date:2019-10-05
                    		last_seen_date:2019-10-05
                    		latest_index:FTSE250
INFO:root:UPDATING RECORD FOR FDM
INFO:root:	RECORD UPDATE SUCCESS -> 
                    		ticker_id:0
                    		ticker:FDM
                    		last_seen_date:2019-10-05
                    		latest_index:FTSE250
INFO:root:UPDATING RECORD FOR FXPO
INFO:root:	RECORD UPDATE SUCCESS -> 
                    		ticker_id:0
                    		ticker:FXPO
                    		last_seen_date:2019-10-05
                    		latest_index:FTSE250
INFO:root:UPDATING RECORD FOR FEV
INFO:root:	RECORD UPDATE SUCCESS -> 
                    		ticker_id:0
                    		ticker:FEV
                    		last_seen_date:2019-10-05
                    		latest_index:FTSE250
INFO:root:UPDATING RECORD FOR FSV
INFO:root:	RECORD UPDATE SUCCESS -> 
                    		ticker_id:0
                    		ticker:FSV
                    		last_seen_date:2019-10-05
                    		latest_index:FTSE250
INFO:root:UPDATING RECORD FOR FCSS
INFO:root:	RECORD UPDATE SUCCESS -> 
                    		ticker_id:0
                    		ticker:FCSS
                    		last_seen_date:2019-10-05
                    		latest_index:FTSE250
INFO:root:UPDATING RECORD FOR FIN
INFO:root:	RECORD UPDATE SUCCESS -> 
                    		ticker_id:0
                    		ticker:FIN
                    		last_seen_date:2019-10-05
                    		latest_index:FTSE250
INFO:root:UPDATING RECORD FOR FGT
INFO:root:	RECORD UPDATE SUCCESS -> 
                    		ticker_id:0
                    		ticker:FGT
                    		last_seen_date:2019-10-05
                    		latest_index:FTSE250
INFO:root:UPDATING RECORD FOR FGP
INFO:root:	RECORD UPDATE SUCCESS -> 
                    		ticker_id:0
                    		ticker:FGP
                    		last_seen_date:2019-10-05
                    		latest_index:FTSE250
INFO:root:UPDATING RECORD FOR FSJ
INFO:root:	RECORD UPDATE SUCCESS -> 
                    		ticker_id:0
                    		ticker:FSJ
                    		last_seen_date:2019-10-05
                    		latest_index:FTSE250
INFO:root:UPDATING RECORD FOR FSFL
INFO:root:	RECORD UPDATE SUCCESS -> 
                    		ticker_id:0
                    		ticker:FSFL
                    		last_seen_date:2019-10-05
                    		latest_index:FTSE250
INFO:root:UPDATING RECORD FOR FUTR
INFO:root:	RECORD UPDATE SUCCESS -> 
                    		ticker_id:0
                    		ticker:FUTR
                    		last_seen_date:2019-10-05
                    		latest_index:FTSE250
INFO:root:UPDATING RECORD FOR GFS
INFO:root:	RECORD UPDATE SUCCESS -> 
                    		ticker_id:0
                    		ticker:GFS
                    		last_seen_date:2019-10-05
                    		latest_index:FTSE250
INFO:root:UPDATING RECORD FOR GFRD
INFO:root:	RECORD UPDATE SUCCESS -> 
                    		ticker_id:0
                    		ticker:GFRD
                    		last_seen_date:2019-10-05
                    		latest_index:FTSE250
INFO:root:UPDATING RECORD FOR GAW
INFO:root:	RECORD UPDATE SUCCESS -> 
                    		ticker_id:0
                    		ticker:GAW
                    		last_seen_date:2019-10-05
                    		latest_index:FTSE250
INFO:root:UPDATING RECORD FOR GCP
INFO:root:	RECORD UPDATE SUCCESS -> 
                    		ticker_id:0
                    		ticker:GCP
                    		last_seen_date:2019-10-05
                    		latest_index:FTSE250
INFO:root:UPDATING RECORD FOR DIGS
INFO:root:	RECORD UPDATE SUCCESS -> 
                    		ticker_id:0
                    		ticker:DIGS
                    		last_seen_date:2019-10-05
                    		latest_index:FTSE250
INFO:root:UPDATING RECORD FOR GSS
INFO:root:	RECORD UPDATE SUCCESS -> 
                    		ticker_id:0
                    		ticker:GSS
                    		last_seen_date:2019-10-05
                    		latest_index:FTSE250
INFO:root:UPDATING RECORD FOR GNS
INFO:root:	RECORD UPDATE SUCCESS -> 
                    		ticker_id:0
                    		ticker:GNS
                    		last_seen_date:2019-10-05
                    		latest_index:FTSE250
INFO:root:UPDATING RECORD FOR GOG
INFO:root:	RECORD UPDATE SUCCESS -> 
                    		ticker_id:0
                    		ticker:GOG
                    		last_seen_date:2019-10-05
                    		latest_index:FTSE250
INFO:root:UPDATING RECORD FOR GPOR
INFO:root:	RECORD UPDATE SUCCESS -> 
                    		ticker_id:0
                    		ticker:GPOR
                    		last_seen_date:2019-10-05
                    		latest_index:FTSE250
INFO:root:UPDATING RECORD FOR GFTU
INFO:root:	RECORD UPDATE SUCCESS -> 
                    		ticker_id:0
                    		ticker:GFTU
                    		last_seen_date:2019-10-05
                    		latest_index:FTSE250
INFO:root:UPDATING RECORD FOR GRI
INFO:root:	RECORD UPDATE SUCCESS -> 
                    		ticker_id:0
                    		ticker:GRI
                    		last_seen_date:2019-10-05
                    		latest_index:FTSE250
INFO:root:UPDATING RECORD FOR UKW
INFO:root:	RECORD UPDATE SUCCESS -> 
                    		ticker_id:0
                    		ticker:UKW
                    		last_seen_date:2019-10-05
                    		latest_index:FTSE250
INFO:root:UPDATING RECORD FOR GNC
INFO:root:	RECORD UPDATE SUCCESS -> 
                    		ticker_id:0
                    		ticker:GNC
                    		last_seen_date:2019-10-05
                    		latest_index:FTSE250
INFO:root:UPDATING RECORD FOR GNK
INFO:root:	RECORD UPDATE SUCCESS -> 
                    		ticker_id:0
                    		ticker:GNK
                    		last_seen_date:2019-10-05
                    		latest_index:FTSE250
INFO:root:UPDATING RECORD FOR GRG
INFO:root:	RECORD UPDATE SUCCESS -> 
                    		ticker_id:0
                    		ticker:GRG
                    		last_seen_date:2019-10-05
                    		latest_index:FTSE250
INFO:root:UPDATING RECORD FOR GVC
INFO:root:	RECORD UPDATE SUCCESS -> 
                    		ticker_id:0
                    		ticker:GVC
                    		last_seen_date:2019-10-05
                    		latest_index:FTSE250
INFO:root:UPDATING RECORD FOR HMSO
INFO:root:	RECORD UPDATE SUCCESS -> 
                    		ticker_id:0
                    		ticker:HMSO
                    		last_seen_date:2019-10-05
                    		latest_index:FTSE250
INFO:root:UPDATING RECORD FOR HVPE
INFO:root:	RECORD UPDATE SUCCESS -> 
                    		ticker_id:0
                    		ticker:HVPE
                    		last_seen_date:2019-10-05
                    		latest_index:FTSE250
INFO:root:UPDATING RECORD FOR HSTG
INFO:root:	RECORD UPDATE SUCCESS -> 
                    		ticker_id:0
                    		ticker:HSTG
                    		last_seen_date:2019-10-05
                    		latest_index:FTSE250
INFO:root:UPDATING RECORD FOR HAS
INFO:root:	RECORD UPDATE SUCCESS -> 
                    		ticker_id:0
                    		ticker:HAS
                    		last_seen_date:2019-10-05
                    		latest_index:FTSE250
INFO:root:UPDATING RECORD FOR HRI
INFO:root:	RECORD UPDATE SUCCESS -> 
                    		ticker_id:0
                    		ticker:HRI
                    		last_seen_date:2019-10-05
                    		latest_index:FTSE250
INFO:root:UPDATING RECORD FOR HGT
INFO:root:	RECORD UPDATE SUCCESS -> 
                    		ticker_id:0
                    		ticker:HGT
                    		last_seen_date:2019-10-05
                    		latest_index:FTSE250
INFO:root:UPDATING RECORD FOR HICL
INFO:root:	RECORD UPDATE SUCCESS -> 
                    		ticker_id:0
                    		ticker:HICL
                    		last_seen_date:2019-10-05
                    		latest_index:FTSE250
INFO:root:UPDATING RECORD FOR HILS
INFO:root:	RECORD UPDATE SUCCESS -> 
                    		ticker_id:0
                    		ticker:HILS
                    		last_seen_date:2019-10-05
                    		latest_index:FTSE250
INFO:root:UPDATING RECORD FOR HFG
INFO:root:	RECORD UPDATE SUCCESS -> 
                    		ticker_id:0
                    		ticker:HFG
                    		last_seen_date:2019-10-05
                    		latest_index:FTSE250
INFO:root:UPDATING RECORD FOR HOC
INFO:root:	RECORD UPDATE SUCCESS -> 
                    		ticker_id:0
                    		ticker:HOC
                    		last_seen_date:2019-10-05
                    		latest_index:FTSE250
INFO:root:UPDATING RECORD FOR HSV
INFO:root:	RECORD UPDATE SUCCESS -> 
                    		ticker_id:0
                    		ticker:HSV
                    		last_seen_date:2019-10-05
                    		latest_index:FTSE250
INFO:root:UPDATING RECORD FOR HWDN
INFO:root:	RECORD UPDATE SUCCESS -> 
                    		ticker_id:0
                    		ticker:HWDN
                    		last_seen_date:2019-10-05
                    		latest_index:FTSE250
INFO:root:UPDATING RECORD FOR HTG
INFO:root:	RECORD UPDATE SUCCESS -> 
                    		ticker_id:0
                    		ticker:HTG
                    		last_seen_date:2019-10-05
                    		latest_index:FTSE250
INFO:root:UPDATING RECORD FOR IBST
INFO:root:	RECORD UPDATE SUCCESS -> 
                    		ticker_id:0
                    		ticker:IBST
                    		last_seen_date:2019-10-05
                    		latest_index:FTSE250
INFO:root:UPDATING RECORD FOR IGG
INFO:root:	RECORD UPDATE SUCCESS -> 
                    		ticker_id:0
                    		ticker:IGG
                    		last_seen_date:2019-10-05
                    		latest_index:FTSE250
INFO:root:UPDATING RECORD FOR IMI
INFO:root:	RECORD UPDATE SUCCESS -> 
                    		ticker_id:0
                    		ticker:IMI
                    		last_seen_date:2019-10-05
                    		latest_index:FTSE250
INFO:root:UPDATING RECORD FOR INCH
INFO:root:	RECORD UPDATE SUCCESS -> 
                    		ticker_id:0
                    		ticker:INCH
                    		last_seen_date:2019-10-05
                    		latest_index:FTSE250
INFO:root:UPDATING RECORD FOR ISAT
INFO:root:	RECORD UPDATE SUCCESS -> 
                    		ticker_id:0
                    		ticker:ISAT
                    		last_seen_date:2019-10-05
                    		latest_index:FTSE250
INFO:root:UPDATING RECORD FOR ICP
INFO:root:	RECORD UPDATE SUCCESS -> 
                    		ticker_id:0
                    		ticker:ICP
                    		last_seen_date:2019-10-05
                    		latest_index:FTSE250
INFO:root:UPDATING RECORD FOR IHP
INFO:root:	RECORD UPDATE SUCCESS -> 
                    		ticker_id:0
                    		ticker:IHP
                    		last_seen_date:2019-10-05
                    		latest_index:FTSE250
INFO:root:UPDATING RECORD FOR INPP
INFO:root:	RECORD UPDATE SUCCESS -> 
                    		ticker_id:0
                    		ticker:INPP
                    		last_seen_date:2019-10-05
                    		latest_index:FTSE250
INFO:root:UPDATING RECORD FOR INVP
INFO:root:	RECORD UPDATE SUCCESS -> 
                    		ticker_id:0
                    		ticker:INVP
                    		last_seen_date:2019-10-05
                    		latest_index:FTSE250
INFO:root:UPDATING RECORD FOR IPO
INFO:root:	RECORD UPDATE SUCCESS -> 
                    		ticker_id:0
                    		ticker:IPO
                    		last_seen_date:2019-10-05
                    		latest_index:FTSE250
INFO:root:UPDATING RECORD FOR IWG
INFO:root:	RECORD UPDATE SUCCESS -> 
                    		ticker_id:0
                    		ticker:IWG
                    		last_seen_date:2019-10-05
                    		latest_index:FTSE250
INFO:root:UPDATING RECORD FOR JLG
INFO:root:	RECORD UPDATE SUCCESS -> 
                    		ticker_id:0
                    		ticker:JLG
                    		last_seen_date:2019-10-05
                    		latest_index:FTSE250
INFO:root:UPDATING RECORD FOR JII
INFO:root:	RECORD UPDATE SUCCESS -> 
                    		ticker_id:0
                    		ticker:JII
                    		last_seen_date:2019-10-05
                    		latest_index:FTSE250
INFO:root:UPDATING RECORD FOR JAM
INFO:root:	RECORD UPDATE SUCCESS -> 
                    		ticker_id:0
                    		ticker:JAM
                    		last_seen_date:2019-10-05
                    		latest_index:FTSE250
INFO:root:UPDATING RECORD FOR JMG
INFO:root:	RECORD UPDATE SUCCESS -> 
                    		ticker_id:0
                    		ticker:JMG
                    		last_seen_date:2019-10-05
                    		latest_index:FTSE250
INFO:root:UPDATING RECORD FOR JFJ
INFO:root:	RECORD UPDATE SUCCESS -> 
                    		ticker_id:0
                    		ticker:JFJ
                    		last_seen_date:2019-10-05
                    		latest_index:FTSE250
INFO:root:UPDATING RECORD FOR JEO
INFO:root:	RECORD UPDATE SUCCESS -> 
                    		ticker_id:0
                    		ticker:JEO
                    		last_seen_date:2019-10-05
                    		latest_index:FTSE250
INFO:root:UPDATING RECORD FOR JUP
INFO:root:	RECORD UPDATE SUCCESS -> 
                    		ticker_id:0
                    		ticker:JUP
                    		last_seen_date:2019-10-05
                    		latest_index:FTSE250
INFO:root:UPDATING RECORD FOR KNOS
INFO:root:	RECORD UPDATE SUCCESS -> 
                    		ticker_id:0
                    		ticker:KNOS
                    		last_seen_date:2019-10-05
                    		latest_index:FTSE250
INFO:root:UPDATING RECORD FOR KAZ
INFO:root:	RECORD UPDATE SUCCESS -> 
                    		ticker_id:0
                    		ticker:KAZ
                    		last_seen_date:2019-10-05
                    		latest_index:FTSE250
INFO:root:UPDATING RECORD FOR LRE
INFO:root:	RECORD UPDATE SUCCESS -> 
                    		ticker_id:0
                    		ticker:LRE
                    		last_seen_date:2019-10-05
                    		latest_index:FTSE250
INFO:root:UPDATING RECORD FOR LWDB
INFO:root:	RECORD UPDATE SUCCESS -> 
                    		ticker_id:0
                    		ticker:LWDB
                    		last_seen_date:2019-10-05
                    		latest_index:FTSE250
INFO:root:UPDATING RECORD FOR LMP
INFO:root:	RECORD UPDATE SUCCESS -> 
                    		ticker_id:0
                    		ticker:LMP
                    		last_seen_date:2019-10-05
                    		latest_index:FTSE250
INFO:root:UPDATING RECORD FOR EMG
INFO:root:	RECORD UPDATE SUCCESS -> 
                    		ticker_id:0
                    		ticker:EMG
                    		last_seen_date:2019-10-05
                    		latest_index:FTSE250
INFO:root:UPDATING RECORD FOR MKS
INFO:root:	RECORD UPDATE SUCCESS -> 
                    		ticker_id:0
                    		ticker:MKS
                    		last_seen_date:2019-10-05
                    		latest_index:FTSE250
INFO:root:UPDATING RECORD FOR MSLH
INFO:root:	RECORD UPDATE SUCCESS -> 
                    		ticker_id:0
                    		ticker:MSLH
                    		last_seen_date:2019-10-05
                    		latest_index:FTSE250
INFO:root:UPDATING RECORD FOR MARS
INFO:root:	RECORD UPDATE SUCCESS -> 
                    		ticker_id:0
                    		ticker:MARS
                    		last_seen_date:2019-10-05
                    		latest_index:FTSE250
INFO:root:UPDATING RECORD FOR MCS
INFO:root:	RECORD UPDATE SUCCESS -> 
                    		ticker_id:0
                    		ticker:MCS
                    		last_seen_date:2019-10-05
                    		latest_index:FTSE250
INFO:root:UPDATING RECORD FOR MDC
INFO:root:	RECORD UPDATE SUCCESS -> 
                    		ticker_id:0
                    		ticker:MDC
                    		last_seen_date:2019-10-05
                    		latest_index:FTSE250
INFO:root:UPDATING RECORD FOR MRC
INFO:root:	RECORD UPDATE SUCCESS -> 
                    		ticker_id:0
                    		ticker:MRC
                    		last_seen_date:2019-10-05
                    		latest_index:FTSE250
INFO:root:UPDATING RECORD FOR MERL
INFO:root:	RECORD UPDATE SUCCESS -> 
                    		ticker_id:0
                    		ticker:MERL
                    		last_seen_date:2019-10-05
                    		latest_index:FTSE250
INFO:root:UPDATING RECORD FOR MCRO
INFO:root:	RECORD UPDATE SUCCESS -> 
                    		ticker_id:0
                    		ticker:MCRO
                    		last_seen_date:2019-10-05
                    		latest_index:FTSE250
INFO:root:UPDATING RECORD FOR MAB
INFO:root:	RECORD UPDATE SUCCESS -> 
                    		ticker_id:0
                    		ticker:MAB
                    		last_seen_date:2019-10-05
                    		latest_index:FTSE250
INFO:root:UPDATING RECORD FOR MONY
INFO:root:	RECORD UPDATE SUCCESS -> 
                    		ticker_id:0
                    		ticker:MONY
                    		last_seen_date:2019-10-05
                    		latest_index:FTSE250
INFO:root:UPDATING RECORD FOR MNKS
INFO:root:	RECORD UPDATE SUCCESS -> 
                    		ticker_id:0
                    		ticker:MNKS
                    		last_seen_date:2019-10-05
                    		latest_index:FTSE250
INFO:root:UPDATING RECORD FOR MGAM
INFO:root:	RECORD UPDATE SUCCESS -> 
                    		ticker_id:0
                    		ticker:MGAM
                    		last_seen_date:2019-10-05
                    		latest_index:FTSE250
INFO:root:UPDATING RECORD FOR MYI
INFO:root:	RECORD UPDATE SUCCESS -> 
                    		ticker_id:0
                    		ticker:MYI
                    		last_seen_date:2019-10-05
                    		latest_index:FTSE250
INFO:root:UPDATING RECORD FOR NEX
INFO:root:	RECORD UPDATE SUCCESS -> 
                    		ticker_id:0
                    		ticker:NEX
                    		last_seen_date:2019-10-05
                    		latest_index:FTSE250
INFO:root:UPDATING RECORD FOR NBLS
INFO:root:	RECORD UPDATE SUCCESS -> 
                    		ticker_id:0
                    		ticker:NBLS
                    		last_seen_date:2019-10-05
                    		latest_index:FTSE250
INFO:root:UPDATING RECORD FOR NETW
INFO:root:	RECORD UPDATE SUCCESS -> 
                    		ticker_id:0
                    		ticker:NETW
                    		last_seen_date:2019-10-05
                    		latest_index:FTSE250
INFO:root:UPDATING RECORD FOR NRR
INFO:root:	RECORD UPDATE SUCCESS -> 
                    		ticker_id:0
                    		ticker:NRR
                    		last_seen_date:2019-10-05
                    		latest_index:FTSE250
INFO:root:UPDATING RECORD FOR NESF
INFO:root:	RECORD UPDATE SUCCESS -> 
                    		ticker_id:0
                    		ticker:NESF
                    		last_seen_date:2019-10-05
                    		latest_index:FTSE250
INFO:root:OSB NOT FOUND IN RECORDS - CREATING NEW RECORD
INFO:root:	RECORD CREATION SUCCESS -> 
                    		ticker_id:381
                    		ticker:OSB
                    		company_name:ONESAVINGS
                    		first_seen_date:2019-10-05
                    		last_seen_date:2019-10-05
                    		latest_index:FTSE250
INFO:root:UPDATING RECORD FOR OXIG
INFO:root:	RECORD UPDATE SUCCESS -> 
                    		ticker_id:0
                    		ticker:OXIG
                    		last_seen_date:2019-10-05
                    		latest_index:FTSE250
INFO:root:UPDATING RECORD FOR PAGE
INFO:root:	RECORD UPDATE SUCCESS -> 
                    		ticker_id:0
                    		ticker:PAGE
                    		last_seen_date:2019-10-05
                    		latest_index:FTSE250
INFO:root:UPDATING RECORD FOR PIN
INFO:root:	RECORD UPDATE SUCCESS -> 
                    		ticker_id:0
                    		ticker:PIN
                    		last_seen_date:2019-10-05
                    		latest_index:FTSE250
INFO:root:UPDATING RECORD FOR PAG
INFO:root:	RECORD UPDATE SUCCESS -> 
                    		ticker_id:0
                    		ticker:PAG
                    		last_seen_date:2019-10-05
                    		latest_index:FTSE250
INFO:root:UPDATING RECORD FOR PAY
INFO:root:	RECORD UPDATE SUCCESS -> 
                    		ticker_id:0
                    		ticker:PAY
                    		last_seen_date:2019-10-05
                    		latest_index:FTSE250
INFO:root:UPDATING RECORD FOR PNN
INFO:root:	RECORD UPDATE SUCCESS -> 
                    		ticker_id:0
                    		ticker:PNN
                    		last_seen_date:2019-10-05
                    		latest_index:FTSE250
INFO:root:UPDATING RECORD FOR PLI
INFO:root:	RECORD UPDATE SUCCESS -> 
                    		ticker_id:0
                    		ticker:PLI
                    		last_seen_date:2019-10-05
                    		latest_index:FTSE250
INFO:root:UPDATING RECORD FOR PSH
INFO:root:	RECORD UPDATE SUCCESS -> 
                    		ticker_id:0
                    		ticker:PSH
                    		last_seen_date:2019-10-05
                    		latest_index:FTSE250
INFO:root:UPDATING RECORD FOR PNL
INFO:root:	RECORD UPDATE SUCCESS -> 
                    		ticker_id:0
                    		ticker:PNL
                    		last_seen_date:2019-10-05
                    		latest_index:FTSE250
INFO:root:UPDATING RECORD FOR PFC
INFO:root:	RECORD UPDATE SUCCESS -> 
                    		ticker_id:0
                    		ticker:PFC
                    		last_seen_date:2019-10-05
                    		latest_index:FTSE250
INFO:root:UPDATING RECORD FOR PETS
INFO:root:	RECORD UPDATE SUCCESS -> 
                    		ticker_id:0
                    		ticker:PETS
                    		last_seen_date:2019-10-05
                    		latest_index:FTSE250
INFO:root:UPDATING RECORD FOR PTEC
INFO:root:	RECORD UPDATE SUCCESS -> 
                    		ticker_id:0
                    		ticker:PTEC
                    		last_seen_date:2019-10-05
                    		latest_index:FTSE250
INFO:root:UPDATING RECORD FOR PLUS
INFO:root:	RECORD UPDATE SUCCESS -> 
                    		ticker_id:0
                    		ticker:PLUS
                    		last_seen_date:2019-10-05
                    		latest_index:FTSE250
INFO:root:UPDATING RECORD FOR PCT
INFO:root:	RECORD UPDATE SUCCESS -> 
                    		ticker_id:0
                    		ticker:PCT
                    		last_seen_date:2019-10-05
                    		latest_index:FTSE250
INFO:root:UPDATING RECORD FOR PLP
INFO:root:	RECORD UPDATE SUCCESS -> 
                    		ticker_id:0
                    		ticker:PLP
                    		last_seen_date:2019-10-05
                    		latest_index:FTSE250
INFO:root:UPDATING RECORD FOR PPH
INFO:root:	RECORD UPDATE SUCCESS -> 
                    		ticker_id:0
                    		ticker:PPH
                    		last_seen_date:2019-10-05
                    		latest_index:FTSE250
INFO:root:UPDATING RECORD FOR PMO
INFO:root:	RECORD UPDATE SUCCESS -> 
                    		ticker_id:0
                    		ticker:PMO
                    		last_seen_date:2019-10-05
                    		latest_index:FTSE250
INFO:root:UPDATING RECORD FOR PHP
INFO:root:	RECORD UPDATE SUCCESS -> 
                    		ticker_id:0
                    		ticker:PHP
                    		last_seen_date:2019-10-05
                    		latest_index:FTSE250
INFO:root:UPDATING RECORD FOR PFG
INFO:root:	RECORD UPDATE SUCCESS -> 
                    		ticker_id:0
                    		ticker:PFG
                    		last_seen_date:2019-10-05
                    		latest_index:FTSE250
INFO:root:UPDATING RECORD FOR PRTC
INFO:root:	RECORD UPDATE SUCCESS -> 
                    		ticker_id:0
                    		ticker:PRTC
                    		last_seen_date:2019-10-05
                    		latest_index:FTSE250
INFO:root:UPDATING RECORD FOR PZC
INFO:root:	RECORD UPDATE SUCCESS -> 
                    		ticker_id:0
                    		ticker:PZC
                    		last_seen_date:2019-10-05
                    		latest_index:FTSE250
INFO:root:QQ. NOT FOUND IN RECORDS - CREATING NEW RECORD
INFO:root:	RECORD CREATION SUCCESS -> 
                    		ticker_id:382
                    		ticker:QQ.
                    		company_name:QINETIQ
                    		first_seen_date:2019-10-05
                    		last_seen_date:2019-10-05
                    		latest_index:FTSE250
INFO:root:UPDATING RECORD FOR QLT
INFO:root:	RECORD UPDATE SUCCESS -> 
                    		ticker_id:0
                    		ticker:QLT
                    		last_seen_date:2019-10-05
                    		latest_index:FTSE250
INFO:root:UPDATING RECORD FOR RNK
INFO:root:	RECORD UPDATE SUCCESS -> 
                    		ticker_id:0
                    		ticker:RNK
                    		last_seen_date:2019-10-05
                    		latest_index:FTSE250
INFO:root:UPDATING RECORD FOR RAT
INFO:root:	RECORD UPDATE SUCCESS -> 
                    		ticker_id:0
                    		ticker:RAT
                    		last_seen_date:2019-10-05
                    		latest_index:FTSE250
INFO:root:UPDATING RECORD FOR RDW
INFO:root:	RECORD UPDATE SUCCESS -> 
                    		ticker_id:0
                    		ticker:RDW
                    		last_seen_date:2019-10-05
                    		latest_index:FTSE250
INFO:root:UPDATING RECORD FOR TRIG
INFO:root:	RECORD UPDATE SUCCESS -> 
                    		ticker_id:0
                    		ticker:TRIG
                    		last_seen_date:2019-10-05
                    		latest_index:FTSE250
INFO:root:UPDATING RECORD FOR RSW
INFO:root:	RECORD UPDATE SUCCESS -> 
                    		ticker_id:0
                    		ticker:RSW
                    		last_seen_date:2019-10-05
                    		latest_index:FTSE250
INFO:root:UPDATING RECORD FOR RTN
INFO:root:	RECORD UPDATE SUCCESS -> 
                    		ticker_id:0
                    		ticker:RTN
                    		last_seen_date:2019-10-05
                    		latest_index:FTSE250
INFO:root:UPDATING RECORD FOR RHIM
INFO:root:	RECORD UPDATE SUCCESS -> 
                    		ticker_id:0
                    		ticker:RHIM
                    		last_seen_date:2019-10-05
                    		latest_index:FTSE250
INFO:root:UPDATING RECORD FOR RCP
INFO:root:	RECORD UPDATE SUCCESS -> 
                    		ticker_id:0
                    		ticker:RCP
                    		last_seen_date:2019-10-05
                    		latest_index:FTSE250
INFO:root:UPDATING RECORD FOR RSE
INFO:root:	RECORD UPDATE SUCCESS -> 
                    		ticker_id:0
                    		ticker:RSE
                    		last_seen_date:2019-10-05
                    		latest_index:FTSE250
INFO:root:UPDATING RECORD FOR ROR
INFO:root:	RECORD UPDATE SUCCESS -> 
                    		ticker_id:0
                    		ticker:ROR
                    		last_seen_date:2019-10-05
                    		latest_index:FTSE250
INFO:root:UPDATING RECORD FOR RMG
INFO:root:	RECORD UPDATE SUCCESS -> 
                    		ticker_id:0
                    		ticker:RMG
                    		last_seen_date:2019-10-05
                    		latest_index:FTSE250
INFO:root:UPDATING RECORD FOR SBRE
INFO:root:	RECORD UPDATE SUCCESS -> 
                    		ticker_id:0
                    		ticker:SBRE
                    		last_seen_date:2019-10-05
                    		latest_index:FTSE250
INFO:root:UPDATING RECORD FOR SAFE
INFO:root:	RECORD UPDATE SUCCESS -> 
                    		ticker_id:0
                    		ticker:SAFE
                    		last_seen_date:2019-10-05
                    		latest_index:FTSE250
INFO:root:UPDATING RECORD FOR SNN
INFO:root:	RECORD UPDATE SUCCESS -> 
                    		ticker_id:0
                    		ticker:SNN
                    		last_seen_date:2019-10-05
                    		latest_index:FTSE250
INFO:root:UPDATING RECORD FOR SVS
INFO:root:	RECORD UPDATE SUCCESS -> 
                    		ticker_id:0
                    		ticker:SVS
                    		last_seen_date:2019-10-05
                    		latest_index:FTSE250
INFO:root:UPDATING RECORD FOR SDP
INFO:root:	RECORD UPDATE SUCCESS -> 
                    		ticker_id:0
                    		ticker:SDP
                    		last_seen_date:2019-10-05
                    		latest_index:FTSE250
INFO:root:UPDATING RECORD FOR SOI
INFO:root:	RECORD UPDATE SUCCESS -> 
                    		ticker_id:0
                    		ticker:SOI
                    		last_seen_date:2019-10-05
                    		latest_index:FTSE250
INFO:root:UPDATING RECORD FOR SCIN
INFO:root:	RECORD UPDATE SUCCESS -> 
                    		ticker_id:0
                    		ticker:SCIN
                    		last_seen_date:2019-10-05
                    		latest_index:FTSE250
INFO:root:UPDATING RECORD FOR SNR
INFO:root:	RECORD UPDATE SUCCESS -> 
                    		ticker_id:0
                    		ticker:SNR
                    		last_seen_date:2019-10-05
                    		latest_index:FTSE250
INFO:root:UPDATING RECORD FOR SEQI
INFO:root:	RECORD UPDATE SUCCESS -> 
                    		ticker_id:0
                    		ticker:SEQI
                    		last_seen_date:2019-10-05
                    		latest_index:FTSE250
INFO:root:UPDATING RECORD FOR SRP
INFO:root:	RECORD UPDATE SUCCESS -> 
                    		ticker_id:0
                    		ticker:SRP
                    		last_seen_date:2019-10-05
                    		latest_index:FTSE250
INFO:root:UPDATING RECORD FOR SHB
INFO:root:	RECORD UPDATE SUCCESS -> 
                    		ticker_id:0
                    		ticker:SHB
                    		last_seen_date:2019-10-05
                    		latest_index:FTSE250
INFO:root:UPDATING RECORD FOR SHI
INFO:root:	RECORD UPDATE SUCCESS -> 
                    		ticker_id:0
                    		ticker:SHI
                    		last_seen_date:2019-10-05
                    		latest_index:FTSE250
INFO:root:UPDATING RECORD FOR SXX
INFO:root:	RECORD UPDATE SUCCESS -> 
                    		ticker_id:0
                    		ticker:SXX
                    		last_seen_date:2019-10-05
                    		latest_index:FTSE250
INFO:root:UPDATING RECORD FOR SRE
INFO:root:	RECORD UPDATE SUCCESS -> 
                    		ticker_id:0
                    		ticker:SRE
                    		last_seen_date:2019-10-05
                    		latest_index:FTSE250
INFO:root:UPDATING RECORD FOR SSON
INFO:root:	RECORD UPDATE SUCCESS -> 
                    		ticker_id:0
                    		ticker:SSON
                    		last_seen_date:2019-10-05
                    		latest_index:FTSE250
INFO:root:UPDATING RECORD FOR SCT
INFO:root:	RECORD UPDATE SUCCESS -> 
                    		ticker_id:0
                    		ticker:SCT
                    		last_seen_date:2019-10-05
                    		latest_index:FTSE250
INFO:root:UPDATING RECORD FOR SOPH
INFO:root:	RECORD UPDATE SUCCESS -> 
                    		ticker_id:0
                    		ticker:SOPH
                    		last_seen_date:2019-10-05
                    		latest_index:FTSE250
INFO:root:UPDATING RECORD FOR SXS
INFO:root:	RECORD UPDATE SUCCESS -> 
                    		ticker_id:0
                    		ticker:SXS
                    		last_seen_date:2019-10-05
                    		latest_index:FTSE250
INFO:root:UPDATING RECORD FOR SPT
INFO:root:	RECORD UPDATE SUCCESS -> 
                    		ticker_id:0
                    		ticker:SPT
                    		last_seen_date:2019-10-05
                    		latest_index:FTSE250
INFO:root:UPDATING RECORD FOR SPD
INFO:root:	RECORD UPDATE SUCCESS -> 
                    		ticker_id:0
                    		ticker:SPD
                    		last_seen_date:2019-10-05
                    		latest_index:FTSE250
INFO:root:UPDATING RECORD FOR SSPG
INFO:root:	RECORD UPDATE SUCCESS -> 
                    		ticker_id:0
                    		ticker:SSPG
                    		last_seen_date:2019-10-05
                    		latest_index:FTSE250
INFO:root:UPDATING RECORD FOR SMP
INFO:root:	RECORD UPDATE SUCCESS -> 
                    		ticker_id:0
                    		ticker:SMP
                    		last_seen_date:2019-10-05
                    		latest_index:FTSE250
INFO:root:UPDATING RECORD FOR SGC
INFO:root:	RECORD UPDATE SUCCESS -> 
                    		ticker_id:0
                    		ticker:SGC
                    		last_seen_date:2019-10-05
                    		latest_index:FTSE250
INFO:root:UPDATING RECORD FOR SYNC
INFO:root:	RECORD UPDATE SUCCESS -> 
                    		ticker_id:0
                    		ticker:SYNC
                    		last_seen_date:2019-10-05
                    		latest_index:FTSE250
INFO:root:UPDATING RECORD FOR SYNT
INFO:root:	RECORD UPDATE SUCCESS -> 
                    		ticker_id:0
                    		ticker:SYNT
                    		last_seen_date:2019-10-05
                    		latest_index:FTSE250
INFO:root:UPDATING RECORD FOR TALK
INFO:root:	RECORD UPDATE SUCCESS -> 
                    		ticker_id:0
                    		ticker:TALK
                    		last_seen_date:2019-10-05
                    		latest_index:FTSE250
INFO:root:UPDATING RECORD FOR TATE
INFO:root:	RECORD UPDATE SUCCESS -> 
                    		ticker_id:0
                    		ticker:TATE
                    		last_seen_date:2019-10-05
                    		latest_index:FTSE250
INFO:root:UPDATING RECORD FOR TBCG
INFO:root:	RECORD UPDATE SUCCESS -> 
                    		ticker_id:0
                    		ticker:TBCG
                    		last_seen_date:2019-10-05
                    		latest_index:FTSE250
INFO:root:UPDATING RECORD FOR TEP
INFO:root:	RECORD UPDATE SUCCESS -> 
                    		ticker_id:0
                    		ticker:TEP
                    		last_seen_date:2019-10-05
                    		latest_index:FTSE250
INFO:root:UPDATING RECORD FOR TMPL
INFO:root:	RECORD UPDATE SUCCESS -> 
                    		ticker_id:0
                    		ticker:TMPL
                    		last_seen_date:2019-10-05
                    		latest_index:FTSE250
INFO:root:UPDATING RECORD FOR TEM
INFO:root:	RECORD UPDATE SUCCESS -> 
                    		ticker_id:0
                    		ticker:TEM
                    		last_seen_date:2019-10-05
                    		latest_index:FTSE250
INFO:root:UPDATING RECORD FOR TIFS
INFO:root:	RECORD UPDATE SUCCESS -> 
                    		ticker_id:0
                    		ticker:TIFS
                    		last_seen_date:2019-10-05
                    		latest_index:FTSE250
INFO:root:UPDATING RECORD FOR TCAP
INFO:root:	RECORD UPDATE SUCCESS -> 
                    		ticker_id:0
                    		ticker:TCAP
                    		last_seen_date:2019-10-05
                    		latest_index:FTSE250
INFO:root:UPDATING RECORD FOR TRY
INFO:root:	RECORD UPDATE SUCCESS -> 
                    		ticker_id:0
                    		ticker:TRY
                    		last_seen_date:2019-10-05
                    		latest_index:FTSE250
INFO:root:UPDATING RECORD FOR TRN
INFO:root:	RECORD UPDATE SUCCESS -> 
                    		ticker_id:0
                    		ticker:TRN
                    		last_seen_date:2019-10-05
                    		latest_index:FTSE250
INFO:root:UPDATING RECORD FOR TPK
INFO:root:	RECORD UPDATE SUCCESS -> 
                    		ticker_id:0
                    		ticker:TPK
                    		last_seen_date:2019-10-05
                    		latest_index:FTSE250
INFO:root:UPDATING RECORD FOR BBOX
INFO:root:	RECORD UPDATE SUCCESS -> 
                    		ticker_id:0
                    		ticker:BBOX
                    		last_seen_date:2019-10-05
                    		latest_index:FTSE250
INFO:root:UPDATING RECORD FOR TLW
INFO:root:	RECORD UPDATE SUCCESS -> 
                    		ticker_id:0
                    		ticker:TLW
                    		last_seen_date:2019-10-05
                    		latest_index:FTSE250
INFO:root:UPDATING RECORD FOR UDG
INFO:root:	RECORD UPDATE SUCCESS -> 
                    		ticker_id:0
                    		ticker:UDG
                    		last_seen_date:2019-10-05
                    		latest_index:FTSE250
INFO:root:UPDATING RECORD FOR UKCM
INFO:root:	RECORD UPDATE SUCCESS -> 
                    		ticker_id:0
                    		ticker:UKCM
                    		last_seen_date:2019-10-05
                    		latest_index:FTSE250
INFO:root:UPDATING RECORD FOR ULE
INFO:root:	RECORD UPDATE SUCCESS -> 
                    		ticker_id:0
                    		ticker:ULE
                    		last_seen_date:2019-10-05
                    		latest_index:FTSE250
INFO:root:UPDATING RECORD FOR UTG
INFO:root:	RECORD UPDATE SUCCESS -> 
                    		ticker_id:0
                    		ticker:UTG
                    		last_seen_date:2019-10-05
                    		latest_index:FTSE250
INFO:root:UPDATING RECORD FOR VSVS
INFO:root:	RECORD UPDATE SUCCESS -> 
                    		ticker_id:0
                    		ticker:VSVS
                    		last_seen_date:2019-10-05
                    		latest_index:FTSE250
INFO:root:UPDATING RECORD FOR VCT
INFO:root:	RECORD UPDATE SUCCESS -> 
                    		ticker_id:0
                    		ticker:VCT
                    		last_seen_date:2019-10-05
                    		latest_index:FTSE250
INFO:root:UPDATING RECORD FOR VEIL
INFO:root:	RECORD UPDATE SUCCESS -> 
                    		ticker_id:0
                    		ticker:VEIL
                    		last_seen_date:2019-10-05
                    		latest_index:FTSE250
INFO:root:UPDATING RECORD FOR VOF
INFO:root:	RECORD UPDATE SUCCESS -> 
                    		ticker_id:0
                    		ticker:VOF
                    		last_seen_date:2019-10-05
                    		latest_index:FTSE250
INFO:root:UPDATING RECORD FOR VVO
INFO:root:	RECORD UPDATE SUCCESS -> 
                    		ticker_id:0
                    		ticker:VVO
                    		last_seen_date:2019-10-05
                    		latest_index:FTSE250
INFO:root:UPDATING RECORD FOR WOSG
INFO:root:	RECORD UPDATE SUCCESS -> 
                    		ticker_id:0
                    		ticker:WOSG
                    		last_seen_date:2019-10-05
                    		latest_index:FTSE250
INFO:root:UPDATING RECORD FOR WEIR
INFO:root:	RECORD UPDATE SUCCESS -> 
                    		ticker_id:0
                    		ticker:WEIR
                    		last_seen_date:2019-10-05
                    		latest_index:FTSE250
INFO:root:UPDATING RECORD FOR JDW
INFO:root:	RECORD UPDATE SUCCESS -> 
                    		ticker_id:0
                    		ticker:JDW
                    		last_seen_date:2019-10-05
                    		latest_index:FTSE250
INFO:root:UPDATING RECORD FOR SMWH
INFO:root:	RECORD UPDATE SUCCESS -> 
                    		ticker_id:0
                    		ticker:SMWH
                    		last_seen_date:2019-10-05
                    		latest_index:FTSE250
INFO:root:UPDATING RECORD FOR WMH
INFO:root:	RECORD UPDATE SUCCESS -> 
                    		ticker_id:0
                    		ticker:WMH
                    		last_seen_date:2019-10-05
                    		latest_index:FTSE250
INFO:root:UPDATING RECORD FOR WTAN
INFO:root:	RECORD UPDATE SUCCESS -> 
                    		ticker_id:0
                    		ticker:WTAN
                    		last_seen_date:2019-10-05
                    		latest_index:FTSE250
INFO:root:UPDATING RECORD FOR WIZZ
INFO:root:	RECORD UPDATE SUCCESS -> 
                    		ticker_id:0
                    		ticker:WIZZ
                    		last_seen_date:2019-10-05
                    		latest_index:FTSE250
INFO:root:WG. NOT FOUND IN RECORDS - CREATING NEW RECORD
INFO:root:	RECORD CREATION SUCCESS -> 
                    		ticker_id:383
                    		ticker:WG.
                    		company_name:WOOD GRP(J)
                    		first_seen_date:2019-10-05
                    		last_seen_date:2019-10-05
                    		latest_index:FTSE250
INFO:root:UPDATING RECORD FOR WKP
INFO:root:	RECORD UPDATE SUCCESS -> 
                    		ticker_id:0
                    		ticker:WKP
                    		last_seen_date:2019-10-05
                    		latest_index:FTSE250
INFO:root:UPDATING RECORD FOR WWH
INFO:root:	RECORD UPDATE SUCCESS -> 
                    		ticker_id:0
                    		ticker:WWH
                    		last_seen_date:2019-10-05
                    		latest_index:FTSE250
ERROR:root:ERRORS COUNT -> 0
